::1 - - [10/Mar/2022:03:01:00 +0000] "GET /api/v1/categories HTTP/1.1" 200 1395 "-" "PostmanRuntime/7.29.0"
::1 - - [10/Mar/2022:03:01:11 +0000] "GET /api/v1/books HTTP/1.1" 200 12413 "-" "PostmanRuntime/7.29.0"
::1 - - [10/Mar/2022:03:01:30 +0000] "POST /api/v1/users/login HTTP/1.1" 200 444 "-" "PostmanRuntime/7.29.0"
::1 - - [10/Mar/2022:03:01:40 +0000] "GET /api/v1/users HTTP/1.1" 200 524 "-" "PostmanRuntime/7.29.0"
::ffff:127.0.0.1 - - [29/Mar/2022:06:25:26 +0000] "GET /api/v1/books?limit=52 HTTP/1.1" 200 24171 "http://localhost/" "Mozilla/5.0 (Windows NT 10.0; Win64; x64; rv:98.0) Gecko/20100101 Firefox/98.0"
::ffff:127.0.0.1 - - [29/Mar/2022:06:25:34 +0000] "GET /api/v1/books?limit=52 HTTP/1.1" 304 - "http://localhost/" "Mozilla/5.0 (Windows NT 10.0; Win64; x64; rv:98.0) Gecko/20100101 Firefox/98.0"
::ffff:127.0.0.1 - - [29/Mar/2022:06:25:36 +0000] "GET /api/v1/books/622969e8a7994656106ee1a2 HTTP/1.1" 200 2330 "http://localhost/" "Mozilla/5.0 (Windows NT 10.0; Win64; x64; rv:98.0) Gecko/20100101 Firefox/98.0"
::1 - - [29/Mar/2022:06:27:28 +0000] "GET /api/v1/books?limit=52 HTTP/1.1" 200 24171 "http://localhost/" "Mozilla/5.0 (Windows NT 10.0; Win64; x64) AppleWebKit/537.36 (KHTML, like Gecko) Chrome/99.0.4844.82 Safari/537.36"
::1 - - [29/Mar/2022:06:27:31 +0000] "GET /api/v1/books/622969e8a7994656106ee1a3 HTTP/1.1" 200 2313 "http://localhost/" "Mozilla/5.0 (Windows NT 10.0; Win64; x64) AppleWebKit/537.36 (KHTML, like Gecko) Chrome/99.0.4844.82 Safari/537.36"
::1 - - [29/Mar/2022:06:27:34 +0000] "GET /api/v1/books?limit=52 HTTP/1.1" 200 24171 "http://localhost/" "Mozilla/5.0 (Windows NT 10.0; Win64; x64) AppleWebKit/537.36 (KHTML, like Gecko) Chrome/99.0.4844.82 Safari/537.36"
::1 - - [29/Mar/2022:06:27:38 +0000] "GET /api/v1/books/6233ecf7b55004e5b5962e65 HTTP/1.1" 200 1005 "http://localhost/" "Mozilla/5.0 (Windows NT 10.0; Win64; x64) AppleWebKit/537.36 (KHTML, like Gecko) Chrome/99.0.4844.82 Safari/537.36"
::1 - - [29/Mar/2022:06:27:40 +0000] "GET /api/v1/books?limit=52 HTTP/1.1" 200 24171 "http://localhost/" "Mozilla/5.0 (Windows NT 10.0; Win64; x64) AppleWebKit/537.36 (KHTML, like Gecko) Chrome/99.0.4844.82 Safari/537.36"
::ffff:127.0.0.1 - - [29/Mar/2022:06:34:22 +0000] "GET /api/v1/books?limit=52 HTTP/1.1" - - "http://localhost/" "Mozilla/5.0 (Windows NT 10.0; Win64; x64; rv:98.0) Gecko/20100101 Firefox/98.0"
::1 - - [29/Mar/2022:06:34:22 +0000] "GET /api/v1/books?limit=52 HTTP/1.1" - - "http://localhost/" "Mozilla/5.0 (Windows NT 10.0; Win64; x64) AppleWebKit/537.36 (KHTML, like Gecko) Chrome/99.0.4844.82 Safari/537.36"
::1 - - [29/Mar/2022:06:34:22 +0000] "POST /api/v1/books/search HTTP/1.1" - - "http://localhost/" "Mozilla/5.0 (Windows NT 10.0; Win64; x64) AppleWebKit/537.36 (KHTML, like Gecko) Chrome/99.0.4844.82 Safari/537.36"
::1 - - [29/Mar/2022:06:34:22 +0000] "GET /api/v1/books?limit=52 HTTP/1.1" 200 24171 "http://localhost/" "Mozilla/5.0 (Windows NT 10.0; Win64; x64) AppleWebKit/537.36 (KHTML, like Gecko) Chrome/99.0.4844.82 Safari/537.36"
::1 - - [29/Mar/2022:06:34:25 +0000] "GET /api/v1/books/622969e8a7994656106ee1a6 HTTP/1.1" 200 2363 "http://localhost/" "Mozilla/5.0 (Windows NT 10.0; Win64; x64) AppleWebKit/537.36 (KHTML, like Gecko) Chrome/99.0.4844.82 Safari/537.36"
::1 - - [29/Mar/2022:06:34:29 +0000] "GET /api/v1/books?limit=52 HTTP/1.1" 304 - "http://localhost/" "Mozilla/5.0 (Windows NT 10.0; Win64; x64) AppleWebKit/537.36 (KHTML, like Gecko) Chrome/99.0.4844.82 Safari/537.36"
::1 - - [29/Mar/2022:06:34:30 +0000] "GET /api/v1/books/622969e8a7994656106ee1a2 HTTP/1.1" 200 2330 "http://localhost/" "Mozilla/5.0 (Windows NT 10.0; Win64; x64) AppleWebKit/537.36 (KHTML, like Gecko) Chrome/99.0.4844.82 Safari/537.36"
::1 - - [29/Mar/2022:06:34:32 +0000] "GET /api/v1/books?limit=52 HTTP/1.1" 304 - "http://localhost/" "Mozilla/5.0 (Windows NT 10.0; Win64; x64) AppleWebKit/537.36 (KHTML, like Gecko) Chrome/99.0.4844.82 Safari/537.36"
::1 - - [29/Mar/2022:06:34:33 +0000] "GET /api/v1/books/622969e8a7994656106ee1a1 HTTP/1.1" 200 2246 "http://localhost/" "Mozilla/5.0 (Windows NT 10.0; Win64; x64) AppleWebKit/537.36 (KHTML, like Gecko) Chrome/99.0.4844.82 Safari/537.36"
::1 - - [29/Mar/2022:06:34:34 +0000] "GET /api/v1/books?limit=52 HTTP/1.1" 304 - "http://localhost/" "Mozilla/5.0 (Windows NT 10.0; Win64; x64) AppleWebKit/537.36 (KHTML, like Gecko) Chrome/99.0.4844.82 Safari/537.36"
::1 - - [29/Mar/2022:06:34:35 +0000] "GET /api/v1/books/622969e8a7994656106ee1a3 HTTP/1.1" 304 - "http://localhost/" "Mozilla/5.0 (Windows NT 10.0; Win64; x64) AppleWebKit/537.36 (KHTML, like Gecko) Chrome/99.0.4844.82 Safari/537.36"
::1 - - [29/Mar/2022:06:34:36 +0000] "GET /api/v1/books?limit=52 HTTP/1.1" 304 - "http://localhost/" "Mozilla/5.0 (Windows NT 10.0; Win64; x64) AppleWebKit/537.36 (KHTML, like Gecko) Chrome/99.0.4844.82 Safari/537.36"
::1 - - [29/Mar/2022:06:34:37 +0000] "GET /api/v1/books/622969e8a7994656106ee1a4 HTTP/1.1" 200 2511 "http://localhost/" "Mozilla/5.0 (Windows NT 10.0; Win64; x64) AppleWebKit/537.36 (KHTML, like Gecko) Chrome/99.0.4844.82 Safari/537.36"
::1 - - [29/Mar/2022:06:34:39 +0000] "GET /api/v1/books?limit=52 HTTP/1.1" 304 - "http://localhost/" "Mozilla/5.0 (Windows NT 10.0; Win64; x64) AppleWebKit/537.36 (KHTML, like Gecko) Chrome/99.0.4844.82 Safari/537.36"
::1 - - [29/Mar/2022:06:34:40 +0000] "GET /api/v1/books/622969e8a7994656106ee1a5 HTTP/1.1" 200 2550 "http://localhost/" "Mozilla/5.0 (Windows NT 10.0; Win64; x64) AppleWebKit/537.36 (KHTML, like Gecko) Chrome/99.0.4844.82 Safari/537.36"
::1 - - [29/Mar/2022:06:34:41 +0000] "GET /api/v1/books?limit=52 HTTP/1.1" 304 - "http://localhost/" "Mozilla/5.0 (Windows NT 10.0; Win64; x64) AppleWebKit/537.36 (KHTML, like Gecko) Chrome/99.0.4844.82 Safari/537.36"
::1 - - [29/Mar/2022:06:34:42 +0000] "GET /api/v1/books/622969e8a7994656106ee1a6 HTTP/1.1" 304 - "http://localhost/" "Mozilla/5.0 (Windows NT 10.0; Win64; x64) AppleWebKit/537.36 (KHTML, like Gecko) Chrome/99.0.4844.82 Safari/537.36"
::1 - - [29/Mar/2022:06:34:45 +0000] "GET /api/v1/books?limit=52 HTTP/1.1" 304 - "http://localhost/" "Mozilla/5.0 (Windows NT 10.0; Win64; x64) AppleWebKit/537.36 (KHTML, like Gecko) Chrome/99.0.4844.82 Safari/537.36"
::1 - - [29/Mar/2022:06:34:46 +0000] "GET /api/v1/books/622969e8a7994656106ee1a7 HTTP/1.1" 200 1721 "http://localhost/" "Mozilla/5.0 (Windows NT 10.0; Win64; x64) AppleWebKit/537.36 (KHTML, like Gecko) Chrome/99.0.4844.82 Safari/537.36"
::1 - - [29/Mar/2022:06:34:49 +0000] "GET /api/v1/books?limit=52 HTTP/1.1" 304 - "http://localhost/" "Mozilla/5.0 (Windows NT 10.0; Win64; x64) AppleWebKit/537.36 (KHTML, like Gecko) Chrome/99.0.4844.82 Safari/537.36"
::1 - - [29/Mar/2022:06:34:52 +0000] "GET /api/v1/books?limit=52 HTTP/1.1" 304 - "http://localhost/" "Mozilla/5.0 (Windows NT 10.0; Win64; x64) AppleWebKit/537.36 (KHTML, like Gecko) Chrome/99.0.4844.82 Safari/537.36"
::1 - - [29/Mar/2022:06:34:55 +0000] "GET /api/v1/books?limit=52 HTTP/1.1" 304 - "http://localhost/" "Mozilla/5.0 (Windows NT 10.0; Win64; x64) AppleWebKit/537.36 (KHTML, like Gecko) Chrome/99.0.4844.82 Safari/537.36"
::1 - - [29/Mar/2022:06:35:00 +0000] "POST /api/v1/books/search HTTP/1.1" 200 6501 "http://localhost/" "Mozilla/5.0 (Windows NT 10.0; Win64; x64) AppleWebKit/537.36 (KHTML, like Gecko) Chrome/99.0.4844.82 Safari/537.36"
::1 - - [29/Mar/2022:06:35:01 +0000] "GET /api/v1/books/622969e8a7994656106ee1a3 HTTP/1.1" 304 - "http://localhost/" "Mozilla/5.0 (Windows NT 10.0; Win64; x64) AppleWebKit/537.36 (KHTML, like Gecko) Chrome/99.0.4844.82 Safari/537.36"
::1 - - [29/Mar/2022:06:35:03 +0000] "GET /api/v1/books?limit=52 HTTP/1.1" 304 - "http://localhost/" "Mozilla/5.0 (Windows NT 10.0; Win64; x64) AppleWebKit/537.36 (KHTML, like Gecko) Chrome/99.0.4844.82 Safari/537.36"
::1 - - [29/Mar/2022:06:35:05 +0000] "GET /api/v1/books?limit=52&page=1 HTTP/1.1" 200 24171 "http://localhost/" "Mozilla/5.0 (Windows NT 10.0; Win64; x64) AppleWebKit/537.36 (KHTML, like Gecko) Chrome/99.0.4844.82 Safari/537.36"
::1 - - [29/Mar/2022:06:42:14 +0000] "GET /api/v1/books?limit=52 HTTP/1.1" 200 24171 "-" "Mozilla/5.0 (Windows NT 10.0; Win64; x64) AppleWebKit/537.36 (KHTML, like Gecko) Chrome/99.0.4844.82 Safari/537.36"
::1 - - [29/Mar/2022:06:42:26 +0000] "GET /api/v1/books/622969e8a7994656106ee1a2 HTTP/1.1" 200 2330 "-" "Mozilla/5.0 (Windows NT 10.0; Win64; x64) AppleWebKit/537.36 (KHTML, like Gecko) Chrome/99.0.4844.82 Safari/537.36"
::1 - - [29/Mar/2022:06:42:28 +0000] "GET /api/v1/books?limit=52 HTTP/1.1" 304 - "-" "Mozilla/5.0 (Windows NT 10.0; Win64; x64) AppleWebKit/537.36 (KHTML, like Gecko) Chrome/99.0.4844.82 Safari/537.36"
::1 - - [29/Mar/2022:06:45:51 +0000] "GET /api/v1/books?limit=52 HTTP/1.1" 304 - "-" "Mozilla/5.0 (Windows NT 10.0; Win64; x64) AppleWebKit/537.36 (KHTML, like Gecko) Chrome/99.0.4844.82 Safari/537.36"
::1 - - [29/Mar/2022:06:47:59 +0000] "GET /api/v1/books?limit=52 HTTP/1.1" 304 - "-" "Mozilla/5.0 (Windows NT 10.0; Win64; x64) AppleWebKit/537.36 (KHTML, like Gecko) Chrome/99.0.4844.82 Safari/537.36"
